\BOOKMARK [1][-]{section.1}{\376\377\000T\000e\000o\000r\000i\000a\000\040\000d\000e\000i\000\040\000g\000r\000u\000p\000p\000i}{}% 1
\BOOKMARK [2][-]{subsection.1.1}{\376\377\000I\000l\000\040\000g\000r\000u\000p\000p\000o\000\040\000d\000e\000g\000l\000i\000\040\000a\000u\000t\000o\000m\000o\000r\000f\000i\000s\000m\000i}{section.1}% 2
\BOOKMARK [2][-]{subsection.1.2}{\376\377\000A\000z\000i\000o\000n\000i\000\040\000d\000i\000\040\000g\000r\000u\000p\000p\000o}{section.1}% 3
\BOOKMARK [3][-]{subsubsection.1.2.1}{\376\377\000A\000z\000i\000o\000n\000e\000\040\000d\000i\000\040\000c\000o\000n\000i\000u\000g\000i\000o}{subsection.1.2}% 4
\BOOKMARK [3][-]{subsubsection.1.2.2}{\376\377\000F\000o\000r\000m\000u\000l\000a\000\040\000d\000e\000l\000l\000e\000\040\000c\000l\000a\000s\000s\000i}{subsection.1.2}% 5
\BOOKMARK [2][-]{subsection.1.3}{\376\377\000I\000\040\000p\000-\000g\000r\000u\000p\000p\000i}{section.1}% 6
\BOOKMARK [2][-]{subsection.1.4}{\376\377\000T\000e\000o\000r\000e\000m\000i\000\040\000d\000i\000\040\000C\000a\000u\000c\000h\000y\000\040\000e\000\040\000C\000a\000y\000l\000e\000y}{section.1}% 7
\BOOKMARK [2][-]{subsection.1.5}{\376\377\000C\000o\000m\000m\000u\000t\000a\000t\000o\000r\000e\000\040\000e\000\040\000g\000r\000u\000p\000p\000o\000\040\000d\000e\000r\000i\000v\000a\000t\000o}{section.1}% 8
\BOOKMARK [2][-]{subsection.1.6}{\376\377\000G\000r\000u\000p\000p\000i\000\040\000l\000i\000b\000e\000r\000i}{section.1}% 9
\BOOKMARK [2][-]{subsection.1.7}{\376\377\000G\000r\000u\000p\000p\000i\000\040\000d\000i\000e\000d\000r\000a\000l\000i}{section.1}% 10
\BOOKMARK [3][-]{subsubsection.1.7.1}{\376\377\000S\000o\000t\000t\000o\000g\000r\000u\000p\000p\000i\000\040\000d\000i\000\040\000D\000n}{subsection.1.7}% 11
\BOOKMARK [3][-]{subsubsection.1.7.2}{\376\377\000C\000e\000n\000t\000r\000o\000,\000\040\000q\000u\000o\000z\000i\000e\000n\000t\000i\000\040\000e\000\040\000a\000u\000t\000o\000m\000o\000r\000f\000i\000s\000m\000i\000\040\000d\000i\000\040\000D\000n}{subsection.1.7}% 12
\BOOKMARK [2][-]{subsection.1.8}{\376\377\000P\000e\000r\000m\000u\000t\000a\000z\000i\000o\000n\000i}{section.1}% 13
\BOOKMARK [2][-]{subsection.1.9}{\376\377\000G\000r\000u\000p\000p\000i\000\040\000d\000i\000\040\000S\000y\000l\000o\000w\000\040\000e\000\040\000p\000r\000o\000d\000o\000t\000t\000i\000\040\000d\000i\000r\000e\000t\000t\000i}{section.1}% 14
\BOOKMARK [2][-]{subsection.1.10}{\376\377\000P\000r\000o\000d\000o\000t\000t\000o\000\040\000s\000e\000m\000i\000d\000i\000r\000e\000t\000t\000o}{section.1}% 15
\BOOKMARK [2][-]{subsection.1.11}{\376\377\000A\000n\000c\000o\000r\000a\000\040\000s\000u\000l\000l\000e\000\040\000p\000e\000r\000m\000u\000t\000a\000z\000i\000o\000n\000i}{section.1}% 16
\BOOKMARK [2][-]{subsection.1.12}{\376\377\000T\000e\000o\000r\000e\000m\000a\000\040\000d\000i\000\040\000s\000t\000r\000u\000t\000t\000u\000r\000a\000\040\000p\000e\000r\000\040\000g\000r\000u\000p\000p\000i\000\040\000a\000b\000e\000l\000i\000a\000n\000i\000\040\000f\000i\000n\000i\000t\000i}{section.1}% 17
\BOOKMARK [2][-]{subsection.1.13}{\376\377\000I\000\040\000t\000e\000o\000r\000e\000m\000i\000\040\000d\000i\000\040\000S\000y\000l\000o\000w}{section.1}% 18
\BOOKMARK [3][-]{subsubsection.1.13.1}{\376\377\000C\000l\000a\000s\000s\000i\000f\000i\000c\000a\000z\000i\000o\000n\000e\000\040\000d\000e\000i\000\040\000s\000o\000t\000t\000o\000g\000r\000u\000p\000p\000i\000\040\000d\000i\000\040\000o\000r\000d\000i\000n\000e\000\040\0001\0002}{subsection.1.13}% 19
\BOOKMARK [2][-]{subsection.1.14}{\376\377\000I\000\040\000q\000u\000a\000t\000e\000r\000n\000i\000o\000n\000i}{section.1}% 20
\BOOKMARK [3][-]{subsubsection.1.14.1}{\376\377\000S\000o\000t\000t\000o\000g\000r\000u\000p\000p\000i\000\040\000d\000i\000\040\000Q\0008}{subsection.1.14}% 21
\BOOKMARK [3][-]{subsubsection.1.14.2}{\376\377\000C\000l\000a\000s\000s\000i\000f\000i\000c\000a\000z\000i\000o\000n\000e\000\040\000d\000e\000i\000\040\000g\000r\000u\000p\000p\000i\000\040\000d\000i\000\040\000o\000r\000d\000i\000n\000e\000\040\0008}{subsection.1.14}% 22
\BOOKMARK [3][-]{subsubsection.1.14.3}{\376\377\000C\000l\000a\000s\000s\000i\000f\000i\000c\000a\000z\000i\000o\000n\000e\000\040\000d\000e\000i\000\040\000g\000r\000u\000p\000p\000i\000\040\000d\000i\000\040\000o\000r\000d\000i\000n\000e\000\040\0003\0000}{subsection.1.14}% 23
\BOOKMARK [2][-]{subsection.1.15}{\376\377\000C\000o\000m\000p\000l\000e\000m\000e\000n\000t\000i\000\040\000d\000i\000\040\000t\000e\000o\000r\000i\000a}{section.1}% 24
\BOOKMARK [3][-]{subsubsection.1.15.1}{\376\377\000U\000t\000i\000l\000i\000z\000z\000o\000\040\000d\000e\000l\000l\000e\000\040\000v\000a\000r\000i\000e\000\040\000a\000z\000i\000o\000n\000i\000\040\000d\000i\000\040\000g\000r\000u\000p\000p\000o}{subsection.1.15}% 25
\BOOKMARK [3][-]{subsubsection.1.15.2}{\376\377\000A\000u\000t\000o\000m\000o\000r\000f\000i\000s\000m\000i\000\040\000d\000i\000\040\000\050\000Z\000/\000p\000Z\000\051\000n}{subsection.1.15}% 26
\BOOKMARK [2][-]{subsection.1.16}{\376\377\000E\000s\000e\000r\000c\000i\000z\000i}{section.1}% 27
\BOOKMARK [1][-]{section.2}{\376\377\000T\000e\000o\000r\000i\000a\000\040\000d\000e\000g\000l\000i\000\040\000a\000n\000e\000l\000l\000i}{}% 28
\BOOKMARK [2][-]{subsection.2.1}{\376\377\000I\000n\000t\000r\000o\000d\000u\000z\000i\000o\000n\000e}{section.2}% 29
\BOOKMARK [2][-]{subsection.2.2}{\376\377\000I\000d\000e\000a\000l\000i}{section.2}% 30
\BOOKMARK [2][-]{subsection.2.3}{\376\377\000O\000m\000o\000m\000o\000r\000f\000i\000s\000m\000i\000\040\000d\000i\000\040\000a\000n\000e\000l\000l\000i\000\040\000e\000\040\000a\000n\000e\000l\000l\000i\000\040\000q\000u\000o\000z\000i\000e\000n\000t\000e}{section.2}% 31
\BOOKMARK [2][-]{subsection.2.4}{\376\377\000P\000r\000o\000d\000o\000t\000t\000o\000\040\000d\000i\000r\000e\000t\000t\000o\000\040\000d\000i\000\040\000a\000n\000e\000l\000l\000i}{section.2}% 32
\BOOKMARK [2][-]{subsection.2.5}{\376\377\000I\000d\000e\000a\000l\000i\000\040\000p\000r\000i\000m\000i\000\040\000e\000\040\000m\000a\000s\000s\000i\000m\000a\000l\000i}{section.2}% 33
\BOOKMARK [2][-]{subsection.2.6}{\376\377\000A\000n\000e\000l\000l\000o\000\040\000d\000e\000l\000l\000e\000\040\000f\000r\000a\000z\000i\000o\000n\000i\000\040\000d\000i\000\040\000u\000n\000\040\000d\000o\000m\000i\000n\000i\000o}{section.2}% 34
\BOOKMARK [2][-]{subsection.2.7}{\376\377\000D\000i\000v\000i\000s\000i\000b\000i\000l\000i\000t\000\340\000\040\000n\000e\000i\000\040\000d\000o\000m\000i\000n\000i}{section.2}% 35
\BOOKMARK [2][-]{subsection.2.8}{\376\377\000D\000o\000m\000i\000n\000i\000\040\000e\000u\000c\000l\000i\000d\000e\000i\000\040\000e\000\040\000P\000I\000D}{section.2}% 36
\BOOKMARK [2][-]{subsection.2.9}{\376\377\000D\000o\000m\000i\000n\000i\000\040\000a\000\040\000f\000a\000t\000t\000o\000r\000i\000z\000z\000a\000z\000i\000o\000n\000e\000\040\000u\000n\000i\000c\000a}{section.2}% 37
\BOOKMARK [2][-]{subsection.2.10}{\376\377\000A\000n\000e\000l\000l\000i\000\040\000d\000i\000\040\000p\000o\000l\000i\000n\000o\000m\000i}{section.2}% 38
